<?xml version="1.0" encoding="UTF-8"?>
<!-- Generated by org.testng.reporters.JUnitReportReporter -->
<testsuite hostname="Vamsi" failures="0" tests="1" name="Pageobject1stmethod.SwagLabsLogin" time="8.553" errors="0" timestamp="2023-06-07T19:08:03 IST" skipped="0">
  <testcase classname="Pageobject1stmethod.SwagLabsLogin" name="login" time="8.553"/>
  <system-out/>
</testsuite> <!-- Pageobject1stmethod.SwagLabsLogin -->
