<?xml version="1.0" encoding="UTF-8"?>
<!-- Generated by org.testng.reporters.JUnitReportReporter -->
<testsuite hostname="Vamsi" failures="0" tests="1" name="Pageobject1stmethod.SwagLabsLogin2" time="14.653" errors="0" timestamp="2023-06-08T10:30:03 IST" skipped="0">
  <testcase classname="Pageobject1stmethod.SwagLabsLogin2" name="login" time="14.653"/>
  <system-out/>
</testsuite> <!-- Pageobject1stmethod.SwagLabsLogin2 -->
